<?xml version="1.0" encoding="UTF-8"?>
<testng-results total="1" passed="1" failed="0" skipped="0">
  <reporter-output>
  </reporter-output>
  <suite started-at="2022-01-19T02:55:30Z" name="Practice Suite" finished-at="2022-01-19T02:55:41Z" duration-ms="10853">
    <groups>
    </groups>
    <test started-at="2022-01-19T02:55:30Z" name="Test Basics 1" finished-at="2022-01-19T02:55:41Z" duration-ms="10853">
      <class name="com.techcenture.academy.tests.ContactUsPageTests">
        <test-method is-config="true" signature="setUp()[pri:0, instance:com.techcenture.academy.tests.ContactUsPageTests@489115ef]" started-at="2022-01-18T21:55:30Z" name="setUp" finished-at="2022-01-18T21:55:33Z" duration-ms="2621" status="PASS">
          <reporter-output>
          </reporter-output>
        </test-method> <!-- setUp -->
        <test-method signature="contactUsPageEndToEndTest()[pri:0, instance:com.techcenture.academy.tests.ContactUsPageTests@489115ef]" started-at="2022-01-18T21:55:33Z" name="contactUsPageEndToEndTest" finished-at="2022-01-18T21:55:41Z" duration-ms="8114" status="PASS">
          <reporter-output>
          </reporter-output>
        </test-method> <!-- contactUsPageEndToEndTest -->
        <test-method is-config="true" signature="cleanUP()[pri:0, instance:com.techcenture.academy.tests.ContactUsPageTests@489115ef]" started-at="2022-01-18T21:55:41Z" name="cleanUP" finished-at="2022-01-18T21:55:41Z" duration-ms="111" status="PASS">
          <reporter-output>
          </reporter-output>
        </test-method> <!-- cleanUP -->
      </class> <!-- com.techcenture.academy.tests.ContactUsPageTests -->
    </test> <!-- Test Basics 1 -->
  </suite> <!-- Practice Suite -->
</testng-results>
